<?xml version="1.0" encoding="UTF-8"?>
<!-- Generated by org.testng.reporters.JUnitXMLReporter -->
<testsuite ignored="0" hostname="IN-3SJWDK3" failures="0" tests="4" name="Test2" time="48.726" errors="0" timestamp="2024-04-21T15:28:00 IST">
  <testcase classname="com.nagarro.nagp.testpackage.LandingPageTest" name="displayHelpPage" time="4.242"/>
  <testcase classname="com.nagarro.nagp.testpackage.LandingPageTest" name="displayLandingPage" time="0.014"/>
  <testcase classname="com.nagarro.nagp.testpackage.LandingPageTest" name="displayLoginForm" time="2.322"/>
  <testcase classname="com.nagarro.nagp.testpackage.LandingPageTest" name="displayShowTicketsPage" time="1.983"/>
</testsuite> <!-- Test2 -->
