<?xml version="1.0" encoding="UTF-8"?>
<!-- Generated by org.testng.reporters.JUnitXMLReporter -->
<testsuite ignored="0" hostname="IN-3SJWDK3" failures="1" tests="3" name="Test" time="63.19" errors="0" timestamp="2024-04-21T16:34:00 IST">
  <testcase classname="com.nagarro.nagp.testpackage.searchTrainTest" name="searchTrain" time="10.437">
    <skipped/>
  </testcase> <!-- searchTrain -->
  <testcase classname="com.nagarro.nagp.testpackage.searchTrainTest" name="searchTrain" time="9.972">
    <skipped/>
  </testcase> <!-- searchTrain -->
  <testcase classname="com.nagarro.nagp.testpackage.searchTrainTest" name="searchTrain" time="9.342">
    <failure type="java.lang.AssertionError" message="Some issue in getting train live status expected [true] but found [false]">
      <![CDATA[java.lang.AssertionError: Some issue in getting train live status expected [true] but found [false]
at com.nagarro.nagp.testpackage.searchTrainTest.searchTrain(searchTrainTest.java:41)
at java.base/java.util.ArrayList.forEach(ArrayList.java:1511)
... Removed 30 stack frames]]>
    </failure>
  </testcase> <!-- searchTrain -->
</testsuite> <!-- Test -->
