<?xml version="1.0" encoding="UTF-8"?>
<!-- Generated by org.testng.reporters.JUnitXMLReporter -->
<testsuite ignored="0" hostname="IN-3SJWDK3" failures="0" tests="4" name="Test1" time="90.745" errors="0" timestamp="2024-04-21T15:27:11 IST">
  <testcase classname="com.nagarro.nagp.testpackage.searchBusTest" name="bookBus" time="14.455"/>
  <testcase classname="com.nagarro.nagp.testpackage.searchBusTest" name="searchBusNoResult" time="12.443"/>
  <testcase classname="com.nagarro.nagp.testpackage.searchBusTest" name="searchBusResultFound" time="13.684"/>
  <testcase classname="com.nagarro.nagp.testpackage.searchBusTest" name="sortBusBySleeperClass" time="14.14"/>
</testsuite> <!-- Test1 -->
