<?xml version="1.0" encoding="UTF-8"?>
<!-- Generated by org.testng.reporters.JUnitXMLReporter -->
<testsuite ignored="0" hostname="IN-3SJWDK3" failures="0" tests="4" name="Test" time="97.317" errors="0" timestamp="2024-04-21T16:29:16 IST">
  <testcase classname="com.nagarro.nagp.testpackage.searchBusTest" name="bookBus" time="13.995"/>
  <testcase classname="com.nagarro.nagp.testpackage.searchBusTest" name="searchBusNoResult" time="11.185"/>
  <testcase classname="com.nagarro.nagp.testpackage.searchBusTest" name="searchBusResultFound" time="12.088"/>
  <testcase classname="com.nagarro.nagp.testpackage.searchBusTest" name="sortBusBySleeperClass" time="11.925"/>
</testsuite> <!-- Test -->
