<?xml version="1.0" encoding="UTF-8"?>
<testng-results ignored="0" total="4" passed="4" failed="0" skipped="0">
  <reporter-output>
  </reporter-output>
  <suite started-at="2024-04-21T16:27:39 IST" name="Suite" finished-at="2024-04-21T16:29:16 IST" duration-ms="97317">
    <groups>
      <group name="smoke">
        <method signature="searchBusTest.searchBusNoResult()[pri:0, instance:com.nagarro.nagp.testpackage.searchBusTest@3af17be2]" name="searchBusNoResult" class="com.nagarro.nagp.testpackage.searchBusTest"/>
        <method signature="searchBusTest.sortBusBySleeperClass()[pri:0, instance:com.nagarro.nagp.testpackage.searchBusTest@3af17be2]" name="sortBusBySleeperClass" class="com.nagarro.nagp.testpackage.searchBusTest"/>
      </group> <!-- smoke -->
      <group name="bus_regression">
        <method signature="searchBusTest.bookBus(java.lang.String, java.lang.String, java.lang.String, java.lang.String, java.lang.String)[pri:0, instance:com.nagarro.nagp.testpackage.searchBusTest@3af17be2]" name="bookBus" class="com.nagarro.nagp.testpackage.searchBusTest"/>
        <method signature="searchBusTest.searchBusResultFound(java.lang.String, java.lang.String, java.lang.String, java.lang.String, java.lang.String)[pri:0, instance:com.nagarro.nagp.testpackage.searchBusTest@3af17be2]" name="searchBusResultFound" class="com.nagarro.nagp.testpackage.searchBusTest"/>
      </group> <!-- bus_regression -->
    </groups>
    <test started-at="2024-04-21T16:27:39 IST" name="Test" finished-at="2024-04-21T16:29:16 IST" duration-ms="97317">
      <class name="com.nagarro.nagp.testpackage.searchBusTest">
        <test-method is-config="true" signature="launchBrowser()[pri:0, instance:com.nagarro.nagp.testpackage.searchBusTest@3af17be2]" started-at="2024-04-21T16:27:40 IST" name="launchBrowser" finished-at="2024-04-21T16:28:06 IST" duration-ms="26238" status="PASS">
          <reporter-output>
          </reporter-output>
        </test-method> <!-- launchBrowser -->
        <test-method signature="bookBus(java.lang.String, java.lang.String, java.lang.String, java.lang.String, java.lang.String)[pri:0, instance:com.nagarro.nagp.testpackage.searchBusTest@3af17be2]" started-at="2024-04-21T16:28:06 IST" name="bookBus" description="Validate that user can try to book the bus by checking seats avialibility" data-provider="excelData" finished-at="2024-04-21T16:28:20 IST" duration-ms="13995" status="PASS">
          <params>
            <param index="0">
              <value>
                <![CDATA[Gurugram (Gurgaon)]]>
              </value>
            </param>
            <param index="1">
              <value>
                <![CDATA[Rewari]]>
              </value>
            </param>
            <param index="2">
              <value>
                <![CDATA[May]]>
              </value>
            </param>
            <param index="3">
              <value>
                <![CDATA[2024]]>
              </value>
            </param>
            <param index="4">
              <value>
                <![CDATA[10]]>
              </value>
            </param>
          </params>
          <reporter-output>
          </reporter-output>
        </test-method> <!-- bookBus -->
        <test-method is-config="true" signature="afterMethodTearDown()[pri:0, instance:com.nagarro.nagp.testpackage.searchBusTest@3af17be2]" started-at="2024-04-21T16:28:20 IST" name="afterMethodTearDown" finished-at="2024-04-21T16:28:20 IST" duration-ms="411" status="PASS">
          <reporter-output>
          </reporter-output>
        </test-method> <!-- afterMethodTearDown -->
        <test-method is-config="true" signature="launchBrowser()[pri:0, instance:com.nagarro.nagp.testpackage.searchBusTest@3af17be2]" started-at="2024-04-21T16:28:20 IST" name="launchBrowser" finished-at="2024-04-21T16:28:27 IST" duration-ms="6984" status="PASS">
          <reporter-output>
          </reporter-output>
        </test-method> <!-- launchBrowser -->
        <test-method signature="searchBusNoResult()[pri:0, instance:com.nagarro.nagp.testpackage.searchBusTest@3af17be2]" started-at="2024-04-21T16:28:27 IST" name="searchBusNoResult" description="Validate the no bus serach result page is displayed" finished-at="2024-04-21T16:28:38 IST" duration-ms="11185" status="PASS">
          <reporter-output>
          </reporter-output>
        </test-method> <!-- searchBusNoResult -->
        <test-method is-config="true" signature="afterMethodTearDown()[pri:0, instance:com.nagarro.nagp.testpackage.searchBusTest@3af17be2]" started-at="2024-04-21T16:28:38 IST" name="afterMethodTearDown" finished-at="2024-04-21T16:28:39 IST" duration-ms="343" status="PASS">
          <reporter-output>
          </reporter-output>
        </test-method> <!-- afterMethodTearDown -->
        <test-method is-config="true" signature="launchBrowser()[pri:0, instance:com.nagarro.nagp.testpackage.searchBusTest@3af17be2]" started-at="2024-04-21T16:28:39 IST" name="launchBrowser" finished-at="2024-04-21T16:28:45 IST" duration-ms="6285" status="PASS">
          <reporter-output>
          </reporter-output>
        </test-method> <!-- launchBrowser -->
        <test-method signature="searchBusResultFound(java.lang.String, java.lang.String, java.lang.String, java.lang.String, java.lang.String)[pri:0, instance:com.nagarro.nagp.testpackage.searchBusTest@3af17be2]" started-at="2024-04-21T16:28:45 IST" name="searchBusResultFound" description="Validate the bus search results are displayed" data-provider="excelData" finished-at="2024-04-21T16:28:57 IST" duration-ms="12088" status="PASS">
          <params>
            <param index="0">
              <value>
                <![CDATA[Gurugram (Gurgaon)]]>
              </value>
            </param>
            <param index="1">
              <value>
                <![CDATA[Rewari]]>
              </value>
            </param>
            <param index="2">
              <value>
                <![CDATA[May]]>
              </value>
            </param>
            <param index="3">
              <value>
                <![CDATA[2024]]>
              </value>
            </param>
            <param index="4">
              <value>
                <![CDATA[10]]>
              </value>
            </param>
          </params>
          <reporter-output>
          </reporter-output>
        </test-method> <!-- searchBusResultFound -->
        <test-method is-config="true" signature="afterMethodTearDown()[pri:0, instance:com.nagarro.nagp.testpackage.searchBusTest@3af17be2]" started-at="2024-04-21T16:28:57 IST" name="afterMethodTearDown" finished-at="2024-04-21T16:28:58 IST" duration-ms="359" status="PASS">
          <reporter-output>
          </reporter-output>
        </test-method> <!-- afterMethodTearDown -->
        <test-method is-config="true" signature="launchBrowser()[pri:0, instance:com.nagarro.nagp.testpackage.searchBusTest@3af17be2]" started-at="2024-04-21T16:28:58 IST" name="launchBrowser" finished-at="2024-04-21T16:29:04 IST" duration-ms="6276" status="PASS">
          <reporter-output>
          </reporter-output>
        </test-method> <!-- launchBrowser -->
        <test-method signature="sortBusBySleeperClass()[pri:0, instance:com.nagarro.nagp.testpackage.searchBusTest@3af17be2]" started-at="2024-04-21T16:29:04 IST" name="sortBusBySleeperClass" description="Validate that the  bus results can be sorted" finished-at="2024-04-21T16:29:16 IST" duration-ms="11925" status="PASS">
          <reporter-output>
          </reporter-output>
        </test-method> <!-- sortBusBySleeperClass -->
        <test-method is-config="true" signature="afterMethodTearDown()[pri:0, instance:com.nagarro.nagp.testpackage.searchBusTest@3af17be2]" started-at="2024-04-21T16:29:16 IST" name="afterMethodTearDown" finished-at="2024-04-21T16:29:16 IST" duration-ms="373" status="PASS">
          <reporter-output>
          </reporter-output>
        </test-method> <!-- afterMethodTearDown -->
      </class> <!-- com.nagarro.nagp.testpackage.searchBusTest -->
    </test> <!-- Test -->
  </suite> <!-- Suite -->
</testng-results>
